<?xml version="1.0" encoding="UTF-8"?>
<!-- Generated by org.testng.reporters.JUnitXMLReporter -->
<testsuite ignored="1" hostname="DESKTOP-4ENR57E" failures="0" tests="1" name="Default test" time="101.978" errors="0" timestamp="2024-10-25T12:11:11 IST">
  <testcase classname="com.urbantreasurelimited.ecommerce.carttest.CartTest" name="addingMultipleProductToUpdateAndDeleteTest" time="101.855"/>
  <testcase classname="com.urbantreasurelimited.ecommerce.carttest.CartTest" name="addingMultipleProductToCartTest" time="0.0">
    <ignored/>
  </testcase> <!-- addingMultipleProductToCartTest -->
</testsuite> <!-- Default test -->
