<?xml version="1.0" encoding="UTF-8"?>
<testng-results ignored="0" total="1" passed="1" failed="0" skipped="0">
  <reporter-output>
  </reporter-output>
  <suite started-at="2024-10-25T12:09:29 IST" name="Default suite" finished-at="2024-10-25T12:11:11 IST" duration-ms="101978">
    <groups>
    </groups>
    <test started-at="2024-10-25T12:09:29 IST" name="Default test" finished-at="2024-10-25T12:11:11 IST" duration-ms="101978">
      <class name="com.urbantreasurelimited.ecommerce.carttest.CartTest">
        <test-method signature="addingMultipleProductToUpdateAndDeleteTest()[pri:0, instance:com.urbantreasurelimited.ecommerce.carttest.CartTest@7b98f307]" started-at="2024-10-25T12:09:29 IST" name="addingMultipleProductToUpdateAndDeleteTest" finished-at="2024-10-25T12:11:11 IST" duration-ms="101855" status="PASS">
          <reporter-output>
          </reporter-output>
        </test-method> <!-- addingMultipleProductToUpdateAndDeleteTest -->
      </class> <!-- com.urbantreasurelimited.ecommerce.carttest.CartTest -->
    </test> <!-- Default test -->
  </suite> <!-- Default suite -->
</testng-results>
